<?xml version="1.0" encoding="UTF-8"?>
<testng-results ignored="0" total="1" passed="1" failed="0" skipped="0">
  <reporter-output>
  </reporter-output>
  <suite started-at="2022-10-28T20:27:36 IST" name="Default suite" finished-at="2022-10-28T20:27:40 IST" duration-ms="4072">
    <groups>
    </groups>
    <test started-at="2022-10-28T20:27:36 IST" name="Default test" finished-at="2022-10-28T20:27:40 IST" duration-ms="4072">
      <class name="demopa.Getmethod">
        <test-method signature="getmethod()[pri:0, instance:demopa.Getmethod@74e52303]" started-at="2022-10-28T20:27:36 IST" name="getmethod" finished-at="2022-10-28T20:27:40 IST" duration-ms="3946" status="PASS">
          <reporter-output>
          </reporter-output>
        </test-method> <!-- getmethod -->
      </class> <!-- demopa.Getmethod -->
    </test> <!-- Default test -->
  </suite> <!-- Default suite -->
</testng-results>
